2026-02-26 11:57:34,453 - audiobook_generator.py:90 - run - INFO - Starting audiobook generation...
2026-02-26 11:57:34,512 - audiobook_generator.py:175 - run - ERROR - Error during audiobook generation: [Errno 2] No such file or directory: '/Users/chengnie/Dropbox/要有光 (梁鸿) (Z-Library).epub'
Traceback (most recent call last):
  File "/Users/chengnie/Dropbox/tools_installation/epub_to_audiobook/audiobook_generator/core/audiobook_generator.py", line 91, in run
    book_parser = get_book_parser(self.config)
                  ^^^^^^^^^^^^^^^^^^^^^^^^^^^^
  File "/Users/chengnie/Dropbox/tools_installation/epub_to_audiobook/audiobook_generator/book_parsers/base_book_parser.py", line 42, in get_book_parser
    return EpubBookParser(config)
           ^^^^^^^^^^^^^^^^^^^^^^
  File "/Users/chengnie/Dropbox/tools_installation/epub_to_audiobook/audiobook_generator/book_parsers/epub_book_parser.py", line 18, in __init__
    self.book = epub.read_epub(self.config.input_file, {"ignore_ncx": True})
                ^^^^^^^^^^^^^^^^^^^^^^^^^^^^^^^^^^^^^^^^^^^^^^^^^^^^^^^^^^^^
  File "/Users/chengnie/.pyenv/versions/py312/lib/python3.12/site-packages/ebooklib/epub.py", line 1768, in read_epub
    book = reader.load()
           ^^^^^^^^^^^^^
  File "/Users/chengnie/.pyenv/versions/py312/lib/python3.12/site-packages/ebooklib/epub.py", line 1410, in load
    self._load()
  File "/Users/chengnie/.pyenv/versions/py312/lib/python3.12/site-packages/ebooklib/epub.py", line 1714, in _load
    self.zf = zipfile.ZipFile(self.file_name, 'r', compression=zipfile.ZIP_DEFLATED, allowZip64=True)
              ^^^^^^^^^^^^^^^^^^^^^^^^^^^^^^^^^^^^^^^^^^^^^^^^^^^^^^^^^^^^^^^^^^^^^^^^^^^^^^^^^^^^^^^
  File "/Users/chengnie/.pyenv/versions/3.12.8/lib/python3.12/zipfile/__init__.py", line 1331, in __init__
    self.fp = io.open(file, filemode)
              ^^^^^^^^^^^^^^^^^^^^^^^
FileNotFoundError: [Errno 2] No such file or directory: '/Users/chengnie/Dropbox/要有光 (梁鸿) (Z-Library).epub'
